<?xml version='1.0' encoding='utf-8'?>
<coverage version="7.13.4" timestamp="1773116242332" lines-valid="6720" lines-covered="5864" line-rate="0.8726" branches-valid="1338" branches-covered="986" branch-rate="0.7369" complexity="0">
	
	
	<sources><source>.</source></sources><packages>
		<package name="." line-rate="1" branch-rate="1" complexity="0">
			<classes>
				<class name="__init__.py" filename="backend/apps/__init__.py" complexity="0" line-rate="1" branch-rate="1">
					<methods />
					<lines />
				</class>
				<class name="ride_events.py" filename="backend/consumers/ride_events.py" complexity="0" line-rate="1" branch-rate="1">
					<methods />
					<lines>
						<line number="1" hits="1" />
						<line number="2" hits="1" />
						<line number="3" hits="1" />
						<line number="4" hits="1" />
						<line number="5" hits="1" />
						<line number="6" hits="1" />
						<line number="7" hits="1" />
						<line number="8" hits="1" />
						<line number="9" hits="1" />
						<line number="14" hits="1" />
						<line number="15" hits="1" />
						<line number="20" hits="1" />
						<line number="21" hits="1" />
						<line number="22" hits="1" />
						<line number="23" hits="1" />
						<line number="25" hits="1" />
						<line number="27" hits="1" />
						<line number="28" hits="1" />
						<line number="29" hits="1" />
						<line number="31" hits="1" />
						<line number="32" hits="1" />
						<line number="33" hits="1" />
						<line number="38" hits="1" />
						<line number="39" hits="1" />
						<line number="40" hits="1" />
						<line number="42" hits="1" />
						<line number="43" hits="1" />
						<line number="44" hits="1" branch="true" condition-coverage="100% (2/2)" />
						<line number="45" hits="1" />
						<line number="46" hits="1" />
						<line number="48" hits="1" />
						<line number="53" hits="1" />
						<line number="54" hits="1" />
						<line number="55" hits="1" />
						<line number="56" hits="1" />
						<line number="57" hits="1" />
						<line number="58" hits="1" />
						<line number="60" hits="1" />
						<line number="61" hits="1" />
						<line number="62" hits="1" />
						<line number="63" hits="1" />
						<line number="65" hits="1" branch="true" condition-coverage="100% (2/2)" />
						<line number="66" hits="1" />
						<line number="67" hits="1" />
						<line number="69" hits="1" />
						<line number="70" hits="1" />
						<line number="71" hits="1" />
						<line number="72" hits="1" />
						<line number="73" hits="1" />
						<line number="74" hits="1" />
						<line number="76" hits="1" branch="true" condition-coverage="100% (2/2)" />
						<line number="77" hits="1" />
						<line number="78" hits="1" />
						<line number="80" hits="1" branch="true" condition-coverage="100% (2/2)" />
						<line number="81" hits="1" />
						<line number="82" hits="1" />
						<line number="84" hits="1" branch="true" condition-coverage="100% (2/2)" />
						<line number="85" hits="1" />
						<line number="91" hits="1" branch="true" condition-coverage="100% (2/2)" />
						<line number="92" hits="1" />
						<line number="94" hits="1" />
						<line number="96" hits="1" />
						<line number="97" hits="1" />
						<line number="101" hits="1" />
						<line number="102" hits="1" />
						<line number="104" hits="1" />
						<line number="106" hits="1" />
						<line number="107" hits="1" />
						<line number="108" hits="1" />
						<line number="110" hits="1" branch="true" condition-coverage="100% (2/2)" />
						<line number="111" hits="1" />
						<line number="112" hits="1" />
						<line number="114" hits="1" branch="true" condition-coverage="100% (2/2)" />
						<line number="115" hits="1" />
						<line number="116" hits="1" branch="true" condition-coverage="100% (2/2)" />
						<line number="117" hits="1" />
						<line number="118" hits="1" />
						<line number="119" hits="1" />
						<line number="120" hits="1" />
						<line number="121" hits="1" branch="true" condition-coverage="100% (2/2)" />
						<line number="122" hits="1" />
						<line number="123" hits="1" />
						<line number="124" hits="1" branch="true" condition-coverage="100% (2/2)" />
						<line number="125" hits="1" />
						<line number="126" hits="1" />
						<line number="128" hits="1" />
						<line number="130" hits="1" />
						<line number="131" hits="1" />
						<line number="132" hits="1" />
						<line number="133" hits="1" />
						<line number="134" hits="1" />
						<line number="135" hits="1" />
						<line number="137" hits="1" />
						<line number="138" hits="1" />
						<line number="139" hits="1" />
						<line number="140" hits="1" />
						<line number="149" hits="1" />
						<line number="150" hits="1" />
						<line number="151" hits="1" />
						<line number="152" hits="1" />
						<line number="154" hits="1" />
						<line number="156" hits="1" branch="true" condition-coverage="100% (2/2)" />
						<line number="157" hits="1" />
						<line number="160" hits="1" branch="true" condition-coverage="100% (2/2)" />
						<line number="161" hits="1" />
						<line number="162" hits="1" />
						<line number="164" hits="1" />
						<line number="165" hits="1" />
						<line number="166" hits="1" />
						<line number="167" hits="1" />
						<line number="168" hits="1" />
						<line number="169" hits="1" branch="true" condition-coverage="100% (2/2)" />
						<line number="170" hits="1" />
						<line number="171" hits="1" />
						<line number="172" hits="1" />
						<line number="174" hits="1" />
						<line number="175" hits="1" />
						<line number="176" hits="1" />
					</lines>
				</class>
			</classes>
		</package>
		<package name="admin_dashboard" line-rate="0.9526" branch-rate="0.8636" complexity="0">
			<classes>
				<class name="__init__.py" filename="backend/apps/admin_dashboard/__init__.py" complexity="0" line-rate="1" branch-rate="1">
					<methods />
					<lines />
				</class>
				<class name="models.py" filename="backend/apps/admin_dashboard/models.py" complexity="0" line-rate="0.9474" branch-rate="1">
					<methods />
					<lines>
						<line number="2" hits="1" />
						<line number="5" hits="1" />
						<line number="6" hits="1" />
						<line number="7" hits="1" />
						<line number="8" hits="1" />
						<line number="9" hits="1" />
						<line number="10" hits="1" />
						<line number="11" hits="1" />
						<line number="12" hits="1" />
						<line number="14" hits="1" />
						<line number="20" hits="1" />
						<line number="21" hits="1" />
						<line number="22" hits="1" />
						<line number="24" hits="1" />
						<line number="25" hits="1" />
						<line number="26" hits="1" />
						<line number="27" hits="1" />
						<line number="29" hits="1" />
						<line number="30" hits="0" />
					</lines>
				</class>
				<class name="routing.py" filename="backend/apps/admin_dashboard/routing.py" complexity="0" line-rate="1" branch-rate="1">
					<methods />
					<lines>
						<line number="1" hits="1" />
						<line number="3" hits="1" />
						<line number="5" hits="1" />
					</lines>
				</class>
				<class name="serializers.py" filename="backend/apps/admin_dashboard/serializers.py" complexity="0" line-rate="0.9677" branch-rate="0.5">
					<methods />
					<lines>
						<line number="2" hits="1" />
						<line number="4" hits="1" />
						<line number="5" hits="1" />
						<line number="6" hits="1" />
						<line number="8" hits="1" />
						<line number="11" hits="1" />
						<line number="12" hits="1" />
						<line number="13" hits="1" />
						<line number="14" hits="1" />
						<line number="17" hits="1" />
						<line number="18" hits="1" />
						<line number="19" hits="1" />
						<line number="20" hits="1" />
						<line number="23" hits="1" />
						<line number="24" hits="1" />
						<line number="25" hits="1" />
						<line number="26" hits="1" />
						<line number="27" hits="1" />
						<line number="29" hits="1" />
						<line number="30" hits="1" />
						<line number="31" hits="1" />
						<line number="46" hits="1" />
						<line number="47" hits="1" />
						<line number="48" hits="1" />
						<line number="50" hits="1" />
						<line number="51" hits="1" />
						<line number="52" hits="1" />
						<line number="71" hits="1" />
						<line number="72" hits="1" branch="true" condition-coverage="50% (1/2)" missing-branches="73" />
						<line number="73" hits="0" />
						<line number="74" hits="1" />
					</lines>
				</class>
				<class name="urls.py" filename="backend/apps/admin_dashboard/urls.py" complexity="0" line-rate="1" branch-rate="1">
					<methods />
					<lines>
						<line number="2" hits="1" />
						<line number="4" hits="1" />
						<line number="6" hits="1" />
						<line number="18" hits="1" />
						<line number="25" hits="1" />
					</lines>
				</class>
				<class name="views.py" filename="backend/apps/admin_dashboard/views.py" complexity="0" line-rate="1" branch-rate="0.95">
					<methods />
					<lines>
						<line number="2" hits="1" />
						<line number="3" hits="1" />
						<line number="5" hits="1" />
						<line number="6" hits="1" />
						<line number="7" hits="1" />
						<line number="8" hits="1" />
						<line number="9" hits="1" />
						<line number="10" hits="1" />
						<line number="11" hits="1" />
						<line number="13" hits="1" />
						<line number="14" hits="1" />
						<line number="15" hits="1" />
						<line number="16" hits="1" />
						<line number="17" hits="1" />
						<line number="19" hits="1" />
						<line number="20" hits="1" />
						<line number="27" hits="1" />
						<line number="33" hits="1" />
						<line number="34" hits="1" />
						<line number="36" hits="1" />
						<line number="37" hits="1" branch="true" condition-coverage="100% (2/2)" />
						<line number="38" hits="1" />
						<line number="39" hits="1" />
						<line number="40" hits="1" />
						<line number="41" hits="1" />
						<line number="42" hits="1" />
						<line number="44" hits="1" />
						<line number="45" hits="1" />
						<line number="46" hits="1" />
						<line number="47" hits="1" branch="true" condition-coverage="100% (2/2)" />
						<line number="48" hits="1" />
						<line number="49" hits="1" />
						<line number="50" hits="1" />
						<line number="56" hits="1" />
						<line number="57" hits="1" />
						<line number="59" hits="1" />
						<line number="60" hits="1" />
						<line number="67" hits="1" />
						<line number="71" hits="1" />
						<line number="82" hits="1" />
						<line number="83" hits="1" />
						<line number="85" hits="1" />
						<line number="86" hits="1" />
						<line number="87" hits="1" />
						<line number="89" hits="1" />
						<line number="90" hits="1" />
						<line number="91" hits="1" />
						<line number="93" hits="1" />
						<line number="101" hits="1" />
						<line number="102" hits="1" />
						<line number="104" hits="1" />
						<line number="105" hits="1" branch="true" condition-coverage="100% (2/2)" />
						<line number="106" hits="1" />
						<line number="116" hits="1" />
						<line number="120" hits="1" branch="true" condition-coverage="100% (2/2)" />
						<line number="121" hits="1" />
						<line number="129" hits="1" />
						<line number="146" hits="1" />
						<line number="147" hits="1" />
						<line number="149" hits="1" />
						<line number="152" hits="1" />
						<line number="154" hits="1" />
						<line number="171" hits="1" />
						<line number="177" hits="1" />
						<line number="178" hits="1" />
						<line number="179" hits="1" />
						<line number="183" hits="1" />
						<line number="199" hits="1" />
						<line number="200" hits="1" />
						<line number="202" hits="1" />
						<line number="203" hits="1" />
						<line number="206" hits="1" />
						<line number="209" hits="1" branch="true" condition-coverage="100% (2/2)" />
						<line number="211" hits="1" branch="true" condition-coverage="50% (1/2)" missing-branches="209" />
						<line number="214" hits="1" />
						<line number="220" hits="1" />
						<line number="221" hits="1" />
						<line number="227" hits="1" />
						<line number="228" hits="1" />
						<line number="230" hits="1" />
						<line number="232" hits="1" />
						<line number="233" hits="1" />
						<line number="234" hits="1" branch="true" condition-coverage="100% (2/2)" />
						<line number="235" hits="1" />
						<line number="237" hits="1" />
						<line number="238" hits="1" />
						<line number="241" hits="1" />
						<line number="242" hits="1" />
						<line number="244" hits="1" />
						<line number="245" hits="1" />
						<line number="246" hits="1" />
						<line number="248" hits="1" branch="true" condition-coverage="100% (2/2)" />
						<line number="249" hits="1" />
						<line number="250" hits="1" />
						<line number="251" hits="1" branch="true" condition-coverage="100% (2/2)" />
						<line number="252" hits="1" />
						<line number="253" hits="1" />
						<line number="255" hits="1" />
						<line number="261" hits="1" />
						<line number="262" hits="1" />
						<line number="264" hits="1" />
						<line number="266" hits="1" />
						<line number="268" hits="1" />
						<line number="272" hits="1" />
						<line number="301" hits="1" />
						<line number="302" hits="1" />
						<line number="304" hits="1" />
						<line number="305" hits="1" />
						<line number="307" hits="1" />
						<line number="309" hits="1" />
						<line number="311" hits="1" />
						<line number="314" hits="1" />
						<line number="315" hits="1" />
						<line number="316" hits="1" />
						<line number="317" hits="1" />
						<line number="318" hits="1" />
						<line number="319" hits="1" />
						<line number="320" hits="1" />
						<line number="321" hits="1" />
						<line number="323" hits="1" />
						<line number="364" hits="1" />
						<line number="365" hits="1" />
						<line number="366" hits="1" />
						<line number="368" hits="1" />
						<line number="369" hits="1" />
						<line number="371" hits="1" />
						<line number="372" hits="1" />
						<line number="374" hits="1" />
						<line number="375" hits="1" />
						<line number="377" hits="1" />
						<line number="378" hits="1" />
						<line number="379" hits="1" />
						<line number="380" hits="1" branch="true" condition-coverage="100% (2/2)" />
						<line number="381" hits="1" />
						<line number="382" hits="1" />
						<line number="383" hits="1" />
						<line number="384" hits="1" />
						<line number="385" hits="1" />
					</lines>
				</class>
				<class name="views_admin.py" filename="backend/apps/admin_dashboard/views_admin.py" complexity="0" line-rate="0.859" branch-rate="0.8182">
					<methods />
					<lines>
						<line number="1" hits="1" />
						<line number="2" hits="1" />
						<line number="3" hits="1" />
						<line number="4" hits="1" />
						<line number="6" hits="1" />
						<line number="7" hits="1" />
						<line number="8" hits="1" />
						<line number="9" hits="1" />
						<line number="10" hits="1" />
						<line number="11" hits="1" />
						<line number="14" hits="1" />
						<line number="15" hits="1" />
						<line number="17" hits="1" />
						<line number="18" hits="1" />
						<line number="21" hits="1" />
						<line number="22" hits="1" branch="true" condition-coverage="100% (2/2)" />
						<line number="24" hits="1" />
						<line number="27" hits="1" />
						<line number="39" hits="1" />
						<line number="42" hits="1" />
						<line number="43" hits="1" />
						<line number="45" hits="1" />
						<line number="46" hits="1" />
						<line number="47" hits="1" />
						<line number="48" hits="1" branch="true" condition-coverage="100% (2/2)" />
						<line number="49" hits="1" />
						<line number="52" hits="1" />
						<line number="63" hits="1" />
						<line number="66" hits="1" />
						<line number="67" hits="1" />
						<line number="69" hits="1" />
						<line number="70" hits="1" />
						<line number="72" hits="1" branch="true" condition-coverage="100% (2/2)" />
						<line number="73" hits="1" branch="true" condition-coverage="100% (2/2)" />
						<line number="74" hits="1" />
						<line number="80" hits="1" />
						<line number="81" hits="1" />
						<line number="82" hits="1" />
						<line number="84" hits="1" branch="true" condition-coverage="100% (2/2)" />
						<line number="85" hits="1" branch="true" condition-coverage="100% (2/2)" />
						<line number="86" hits="1" />
						<line number="89" hits="1" />
						<line number="90" hits="1" />
						<line number="91" hits="1" />
						<line number="93" hits="1" branch="true" condition-coverage="100% (2/2)" />
						<line number="96" hits="1" />
						<line number="97" hits="1" />
						<line number="98" hits="1" />
						<line number="101" hits="1" />
						<line number="103" hits="1" />
						<line number="106" hits="1" />
						<line number="107" hits="1" />
						<line number="109" hits="1" />
						<line number="110" hits="1" />
						<line number="115" hits="1" />
						<line number="121" hits="1" />
						<line number="122" hits="1" branch="true" condition-coverage="100% (2/2)" />
						<line number="123" hits="1" />
						<line number="129" hits="1" />
						<line number="140" hits="1" />
						<line number="141" hits="1" branch="true" condition-coverage="100% (2/2)" />
						<line number="142" hits="1" />
						<line number="148" hits="1" />
						<line number="159" hits="1" />
						<line number="162" hits="1" />
						<line number="163" hits="1" />
						<line number="165" hits="1" />
						<line number="166" hits="0" />
						<line number="167" hits="0" />
						<line number="168" hits="0" />
						<line number="169" hits="0" />
						<line number="171" hits="0" />
						<line number="173" hits="0" branch="true" condition-coverage="0% (0/2)" missing-branches="174,181" />
						<line number="174" hits="0" />
						<line number="175" hits="0" />
						<line number="177" hits="0" branch="true" condition-coverage="0% (0/2)" missing-branches="178,181" />
						<line number="178" hits="0" />
						<line number="181" hits="0" />
					</lines>
				</class>
			</classes>
		</package>
		<package name="admin_dashboard.consumers" line-rate="0.7692" branch-rate="0.5667" complexity="0">
			<classes>
				<class name="live_map.py" filename="backend/apps/admin_dashboard/consumers/live_map.py" complexity="0" line-rate="0.7692" branch-rate="0.5667">
					<methods />
					<lines>
						<line number="1" hits="1" />
						<line number="2" hits="1" />
						<line number="4" hits="1" />
						<line number="5" hits="1" />
						<line number="7" hits="1" />
						<line number="9" hits="1" />
						<line number="12" hits="1" />
						<line number="22" hits="1" />
						<line number="23" hits="1" />
						<line number="25" hits="1" />
						<line number="26" hits="1" />
						<line number="27" hits="0" />
						<line number="28" hits="0" />
						<line number="30" hits="1" />
						<line number="31" hits="1" />
						<line number="33" hits="1" />
						<line number="34" hits="1" />
						<line number="35" hits="1" />
						<line number="36" hits="1" />
						<line number="37" hits="0" />
						<line number="38" hits="0" />
						<line number="41" hits="0" />
						<line number="43" hits="1" />
						<line number="44" hits="1" />
						<line number="45" hits="1" />
						<line number="47" hits="1" />
						<line number="48" hits="1" />
						<line number="52" hits="1" branch="true" condition-coverage="100% (2/2)" />
						<line number="53" hits="1" />
						<line number="54" hits="1" />
						<line number="56" hits="1" branch="true" condition-coverage="50% (1/2)" missing-branches="57" />
						<line number="57" hits="0" />
						<line number="59" hits="1" branch="true" condition-coverage="50% (1/2)" missing-branches="60" />
						<line number="60" hits="0" />
						<line number="62" hits="1" />
						<line number="63" hits="1" branch="true" condition-coverage="50% (1/2)" missing-branches="64" />
						<line number="64" hits="0" />
						<line number="66" hits="1" />
						<line number="67" hits="1" />
						<line number="69" hits="1" />
						<line number="70" hits="1" />
						<line number="71" hits="1" />
						<line number="86" hits="1" />
						<line number="87" hits="1" />
						<line number="88" hits="1" />
						<line number="89" hits="1" />
						<line number="90" hits="1" branch="true" condition-coverage="50% (1/2)" missing-branches="91" />
						<line number="91" hits="0" />
						<line number="92" hits="1" branch="true" condition-coverage="50% (1/2)" missing-branches="93" />
						<line number="93" hits="0" />
						<line number="94" hits="1" />
						<line number="96" hits="1" />
						<line number="99" hits="1" />
						<line number="103" hits="1" />
						<line number="104" hits="1" />
						<line number="114" hits="1" />
						<line number="115" hits="0" />
						<line number="116" hits="0" />
						<line number="120" hits="0" />
						<line number="143" hits="1" />
						<line number="144" hits="1" />
						<line number="146" hits="1" />
						<line number="147" hits="1" />
						<line number="149" hits="1" />
						<line number="150" hits="1" />
						<line number="160" hits="1" />
						<line number="161" hits="1" branch="true" condition-coverage="50% (1/2)" missing-branches="162" />
						<line number="162" hits="0" />
						<line number="163" hits="0" />
						<line number="164" hits="0" />
						<line number="166" hits="0" />
						<line number="190" hits="1" />
						<line number="192" hits="1" />
						<line number="193" hits="1" />
						<line number="195" hits="1" branch="true" condition-coverage="100% (2/2)" />
						<line number="196" hits="1" />
						<line number="197" hits="1" />
						<line number="198" hits="1" />
						<line number="200" hits="1" />
						<line number="201" hits="1" branch="true" condition-coverage="100% (2/2)" />
						<line number="202" hits="1" />
						<line number="203" hits="1" />
						<line number="204" hits="1" />
						<line number="206" hits="1" />
						<line number="207" hits="1" />
						<line number="209" hits="1" />
						<line number="212" hits="1" />
						<line number="214" hits="1" branch="true" condition-coverage="100% (2/2)" />
						<line number="215" hits="1" />
						<line number="224" hits="1" branch="true" condition-coverage="50% (1/2)" missing-branches="225" />
						<line number="225" hits="0" />
						<line number="234" hits="1" />
						<line number="235" hits="1" />
						<line number="240" hits="1" />
						<line number="244" hits="1" />
						<line number="245" hits="1" branch="true" condition-coverage="50% (1/2)" missing-branches="247" />
						<line number="247" hits="0" />
						<line number="249" hits="1" branch="true" condition-coverage="50% (1/2)" missing-branches="exit" />
						<line number="251" hits="1" />
						<line number="261" hits="1" />
						<line number="262" hits="0" />
						<line number="264" hits="1" />
						<line number="266" hits="0" />
						<line number="268" hits="1" />
						<line number="270" hits="0" />
						<line number="271" hits="0" branch="true" condition-coverage="0% (0/2)" missing-branches="272,274" />
						<line number="272" hits="0" />
						<line number="274" hits="0" branch="true" condition-coverage="0% (0/2)" missing-branches="exit,276" />
						<line number="276" hits="0" />
						<line number="286" hits="1" />
						<line number="287" hits="0" />
						<line number="289" hits="1" />
						<line number="291" hits="1" />
						<line number="300" hits="1" />
						<line number="305" hits="1" />
						<line number="306" hits="1" />
						<line number="310" hits="1" />
					</lines>
				</class>
			</classes>
		</package>
		<package name="common" line-rate="0.8675" branch-rate="0.8194" complexity="0">
			<classes>
				<class name="__init__.py" filename="backend/apps/common/__init__.py" complexity="0" line-rate="1" branch-rate="1">
					<methods />
					<lines />
				</class>
				<class name="adaptive.py" filename="backend/apps/common/adaptive.py" complexity="0" line-rate="0.6571" branch-rate="0.6667">
					<methods />
					<lines>
						<line number="2" hits="1" />
						<line number="3" hits="1" />
						<line number="5" hits="1" />
						<line number="7" hits="1" />
						<line number="12" hits="1" />
						<line number="20" hits="1" />
						<line number="21" hits="1" />
						<line number="23" hits="1" />
						<line number="24" hits="1" />
						<line number="26" hits="0" />
						<line number="29" hits="0" />
						<line number="30" hits="0" />
						<line number="31" hits="0" />
						<line number="35" hits="0" />
						<line number="43" hits="0" />
						<line number="45" hits="0" branch="true" condition-coverage="0% (0/2)" missing-branches="46,51" />
						<line number="46" hits="0" />
						<line number="49" hits="0" />
						<line number="51" hits="0" />
						<line number="53" hits="0" />
						<line number="54" hits="0" />
						<line number="56" hits="1" />
						<line number="57" hits="1" />
						<line number="58" hits="1" />
						<line number="60" hits="1" />
						<line number="61" hits="1" />
						<line number="69" hits="1" />
						<line number="70" hits="1" branch="true" condition-coverage="100% (2/2)" />
						<line number="71" hits="1" />
						<line number="73" hits="1" />
						<line number="80" hits="1" />
						<line number="81" hits="1" branch="true" condition-coverage="100% (2/2)" />
						<line number="82" hits="1" />
						<line number="85" hits="1" />
						<line number="87" hits="1" />
					</lines>
				</class>
				<class name="backpressure.py" filename="backend/apps/common/backpressure.py" complexity="0" line-rate="0.9024" branch-rate="0.9">
					<methods />
					<lines>
						<line number="18" hits="1" />
						<line number="19" hits="1" />
						<line number="20" hits="1" />
						<line number="22" hits="1" />
						<line number="24" hits="1" />
						<line number="26" hits="1" />
						<line number="32" hits="1" />
						<line number="41" hits="1" />
						<line number="42" hits="1" />
						<line number="44" hits="1" />
						<line number="45" hits="1" />
						<line number="46" hits="1" />
						<line number="47" hits="1" />
						<line number="48" hits="1" />
						<line number="51" hits="1" />
						<line number="52" hits="1" />
						<line number="55" hits="1" />
						<line number="56" hits="1" />
						<line number="57" hits="1" />
						<line number="58" hits="1" />
						<line number="59" hits="1" />
						<line number="60" hits="1" />
						<line number="62" hits="1" branch="true" condition-coverage="100% (2/2)" />
						<line number="63" hits="1" />
						<line number="67" hits="1" />
						<line number="72" hits="1" />
						<line number="73" hits="1" />
						<line number="74" hits="0" />
						<line number="75" hits="0" />
						<line number="76" hits="0" />
						<line number="82" hits="1" />
						<line number="93" hits="1" />
						<line number="95" hits="1" branch="true" condition-coverage="100% (2/2)" />
						<line number="96" hits="1" />
						<line number="98" hits="1" />
						<line number="99" hits="1" />
						<line number="102" hits="1" />
						<line number="103" hits="1" />
						<line number="104" hits="1" />
						<line number="106" hits="1" />
						<line number="107" hits="1" />
						<line number="110" hits="1" />
						<line number="111" hits="1" />
						<line number="112" hits="1" />
						<line number="113" hits="1" />
						<line number="114" hits="1" />
						<line number="115" hits="1" />
						<line number="116" hits="1" />
						<line number="118" hits="1" />
						<line number="119" hits="0" />
						<line number="120" hits="0" />
						<line number="126" hits="1" />
						<line number="132" hits="1" />
						<line number="138" hits="1" />
						<line number="139" hits="1" />
						<line number="140" hits="1" />
						<line number="142" hits="1" branch="true" condition-coverage="50% (1/2)" missing-branches="143" />
						<line number="143" hits="0" />
						<line number="145" hits="1" />
						<line number="146" hits="1" />
						<line number="148" hits="1" />
						<line number="149" hits="1" />
						<line number="151" hits="1" branch="true" condition-coverage="100% (2/2)" />
						<line number="152" hits="1" />
						<line number="155" hits="1" />
						<line number="156" hits="1" />
						<line number="157" hits="0" />
						<line number="158" hits="0" />
						<line number="164" hits="1" />
						<line number="174" hits="1" />
						<line number="182" hits="1" />
						<line number="183" hits="1" />
						<line number="188" hits="1" />
						<line number="189" hits="1" branch="true" condition-coverage="100% (2/2)" />
						<line number="190" hits="1" />
						<line number="192" hits="1" />
						<line number="193" hits="1" />
						<line number="195" hits="1" />
						<line number="196" hits="1" />
						<line number="198" hits="1" />
						<line number="199" hits="1" />
						<line number="200" hits="1" />
					</lines>
				</class>
				<class name="budget.py" filename="backend/apps/common/budget.py" complexity="0" line-rate="0.875" branch-rate="1">
					<methods />
					<lines>
						<line number="2" hits="1" />
						<line number="3" hits="1" />
						<line number="5" hits="1" />
						<line number="8" hits="1" />
						<line number="15" hits="1" />
						<line number="17" hits="1" />
						<line number="18" hits="1" />
						<line number="19" hits="1" />
						<line number="20" hits="1" />
						<line number="21" hits="1" />
						<line number="22" hits="1" />
						<line number="24" hits="1" />
						<line number="25" hits="1" />
						<line number="26" hits="1" />
						<line number="27" hits="1" />
						<line number="28" hits="1" />
						<line number="29" hits="1" />
						<line number="30" hits="1" />
						<line number="31" hits="0" />
						<line number="32" hits="0" />
						<line number="34" hits="1" />
						<line number="35" hits="1" />
						<line number="40" hits="1" />
						<line number="41" hits="1" />
						<line number="42" hits="1" />
						<line number="44" hits="1" />
						<line number="45" hits="1" branch="true" condition-coverage="100% (2/2)" />
						<line number="46" hits="1" />
						<line number="49" hits="1" />
						<line number="50" hits="1" />
						<line number="51" hits="0" />
						<line number="52" hits="0" />
					</lines>
				</class>
				<class name="chaos.py" filename="backend/apps/common/chaos.py" complexity="0" line-rate="1" branch-rate="0.75">
					<methods />
					<lines>
						<line number="1" hits="1" />
						<line number="2" hits="1" />
						<line number="4" hits="1" />
						<line number="6" hits="1" />
						<line number="7" hits="1" />
						<line number="10" hits="1" />
						<line number="16" hits="1" />
						<line number="17" hits="1" />
						<line number="19" hits="1" branch="true" condition-coverage="100% (2/2)" />
						<line number="20" hits="1" />
						<line number="21" hits="1" />
						<line number="22" hits="1" />
						<line number="24" hits="1" />
						<line number="25" hits="1" />
						<line number="27" hits="1" branch="true" condition-coverage="50% (1/2)" missing-branches="exit" />
						<line number="28" hits="1" />
						<line number="29" hits="1" />
						<line number="31" hits="1" />
						<line number="33" hits="1" />
						<line number="34" hits="1" />
					</lines>
				</class>
				<class name="circuit_breaker.py" filename="backend/apps/common/circuit_breaker.py" complexity="0" line-rate="0.9333" branch-rate="1">
					<methods />
					<lines>
						<line number="1" hits="1" />
						<line number="2" hits="1" />
						<line number="4" hits="1" />
						<line number="6" hits="1" />
						<line number="9" hits="1" />
						<line number="10" hits="1" />
						<line number="13" hits="1" />
						<line number="23" hits="1" />
						<line number="24" hits="1" />
						<line number="25" hits="1" />
						<line number="26" hits="1" />
						<line number="27" hits="1" />
						<line number="31" hits="1" branch="true" condition-coverage="100% (2/2)" />
						<line number="32" hits="1" />
						<line number="36" hits="1" />
						<line number="38" hits="1" />
						<line number="42" hits="0" />
						<line number="43" hits="0" />
						<line number="45" hits="1" />
						<line number="47" hits="1" />
						<line number="48" hits="1" />
						<line number="50" hits="1" />
						<line number="54" hits="1" branch="true" condition-coverage="100% (2/2)" />
						<line number="56" hits="1" />
						<line number="59" hits="1" />
						<line number="60" hits="1" />
						<line number="62" hits="1" />
						<line number="69" hits="1" />
						<line number="71" hits="1" />
						<line number="73" hits="1" />
					</lines>
				</class>
				<class name="fraud.py" filename="backend/apps/common/fraud.py" complexity="0" line-rate="0.9118" branch-rate="0.8529">
					<methods />
					<lines>
						<line number="19" hits="1" />
						<line number="20" hits="1" />
						<line number="22" hits="1" />
						<line number="24" hits="1" />
						<line number="27" hits="1" />
						<line number="28" hits="1" />
						<line number="29" hits="1" />
						<line number="30" hits="1" />
						<line number="31" hits="1" />
						<line number="32" hits="1" />
						<line number="33" hits="1" />
						<line number="39" hits="1" />
						<line number="44" hits="1" branch="true" condition-coverage="100% (2/2)" />
						<line number="45" hits="1" />
						<line number="47" hits="1" />
						<line number="48" hits="1" branch="true" condition-coverage="100% (2/2)" />
						<line number="49" hits="1" />
						<line number="54" hits="1" />
						<line number="55" hits="1" />
						<line number="61" hits="1" />
						<line number="68" hits="1" branch="true" condition-coverage="100% (2/2)" />
						<line number="69" hits="1" />
						<line number="70" hits="1" branch="true" condition-coverage="50% (1/2)" missing-branches="71" />
						<line number="71" hits="0" />
						<line number="73" hits="1" />
						<line number="74" hits="1" branch="true" condition-coverage="100% (2/2)" />
						<line number="75" hits="1" />
						<line number="82" hits="1" />
						<line number="83" hits="1" />
						<line number="89" hits="1" />
						<line number="94" hits="1" />
						<line number="96" hits="1" />
						<line number="97" hits="1" />
						<line number="103" hits="1" branch="true" condition-coverage="100% (2/2)" />
						<line number="104" hits="1" />
						<line number="109" hits="1" />
						<line number="110" hits="1" />
						<line number="116" hits="1" />
						<line number="121" hits="1" />
						<line number="123" hits="1" />
						<line number="124" hits="1" />
						<line number="131" hits="1" branch="true" condition-coverage="100% (2/2)" />
						<line number="132" hits="1" />
						<line number="137" hits="1" />
						<line number="138" hits="1" />
						<line number="144" hits="1" />
						<line number="149" hits="1" />
						<line number="151" hits="1" />
						<line number="153" hits="1" />
						<line number="155" hits="1" />
						<line number="156" hits="1" />
						<line number="158" hits="1" branch="true" condition-coverage="100% (2/2)" />
						<line number="160" hits="1" />
						<line number="164" hits="1" />
						<line number="166" hits="1" />
						<line number="167" hits="1" />
						<line number="168" hits="1" />
						<line number="169" hits="1" />
						<line number="171" hits="1" />
						<line number="174" hits="1" branch="true" condition-coverage="50% (1/2)" missing-branches="175" />
						<line number="175" hits="0" />
						<line number="178" hits="0" />
						<line number="181" hits="0" />
						<line number="183" hits="1" branch="true" condition-coverage="100% (2/2)" />
						<line number="184" hits="1" />
						<line number="187" hits="1" />
						<line number="190" hits="1" />
						<line number="192" hits="1" branch="true" condition-coverage="100% (2/2)" />
						<line number="193" hits="1" />
						<line number="198" hits="1" />
						<line number="199" hits="1" />
						<line number="202" hits="1" />
						<line number="205" hits="1" />
						<line number="211" hits="1" />
						<line number="223" hits="1" />
						<line number="224" hits="1" />
						<line number="225" hits="1" branch="true" condition-coverage="50% (1/2)" missing-branches="226" />
						<line number="226" hits="0" />
						<line number="228" hits="1" branch="true" condition-coverage="100% (2/2)" />
						<line number="229" hits="1" />
						<line number="231" hits="1" branch="true" condition-coverage="100% (2/2)" />
						<line number="232" hits="1" />
						<line number="234" hits="1" branch="true" condition-coverage="50% (1/2)" missing-branches="235" />
						<line number="235" hits="0" />
						<line number="237" hits="1" branch="true" condition-coverage="50% (1/2)" missing-branches="238" />
						<line number="238" hits="0" />
						<line number="240" hits="1" />
						<line number="243" hits="1" />
						<line number="248" hits="1" />
						<line number="250" hits="1" />
						<line number="251" hits="1" />
						<line number="252" hits="0" />
						<line number="253" hits="0" />
						<line number="255" hits="1" />
						<line number="262" hits="1" />
						<line number="263" hits="1" />
						<line number="264" hits="1" />
						<line number="265" hits="1" />
						<line number="268" hits="1" branch="true" condition-coverage="100% (2/2)" />
						<line number="269" hits="1" />
						<line number="270" hits="1" />
						<line number="272" hits="1" />
					</lines>
				</class>
				<class name="http.py" filename="backend/apps/common/http.py" complexity="0" line-rate="1" branch-rate="1">
					<methods />
					<lines>
						<line number="2" hits="1" />
						<line number="4" hits="1" />
						<line number="6" hits="1" />
						<line number="10" hits="1" />
						<line number="13" hits="1" />
						<line number="15" hits="1" branch="true" condition-coverage="100% (2/2)" />
						<line number="19" hits="1" />
						<line number="24" hits="1" />
						<line number="27" hits="1" />
						<line number="29" hits="1" branch="true" condition-coverage="100% (2/2)" />
						<line number="30" hits="1" />
						<line number="31" hits="1" />
					</lines>
				</class>
				<class name="idempotency.py" filename="backend/apps/common/idempotency.py" complexity="0" line-rate="0.8712" branch-rate="0.8333">
					<methods />
					<lines>
						<line number="20" hits="1" />
						<line number="21" hits="1" />
						<line number="22" hits="1" />
						<line number="23" hits="1" />
						<line number="25" hits="1" />
						<line number="26" hits="1" />
						<line number="27" hits="1" />
						<line number="29" hits="1" />
						<line number="32" hits="1" />
						<line number="34" hits="1" />
						<line number="40" hits="1" />
						<line number="52" hits="1" />
						<line number="53" hits="1" />
						<line number="55" hits="1" />
						<line number="56" hits="1" branch="true" condition-coverage="100% (2/2)" />
						<line number="57" hits="1" />
						<line number="59" hits="1" />
						<line number="60" hits="1" branch="true" condition-coverage="100% (2/2)" />
						<line number="61" hits="1" />
						<line number="63" hits="1" />
						<line number="64" hits="1" />
						<line number="66" hits="1" />
						<line number="69" hits="1" branch="true" condition-coverage="100% (2/2)" />
						<line number="70" hits="1" />
						<line number="71" hits="1" branch="true" condition-coverage="100% (2/2)" />
						<line number="72" hits="1" />
						<line number="75" hits="1" />
						<line number="79" hits="1" />
						<line number="82" hits="1" />
						<line number="84" hits="1" />
						<line number="85" hits="1" />
						<line number="88" hits="1" />
						<line number="90" hits="1" />
						<line number="92" hits="1" />
						<line number="93" hits="1" branch="true" condition-coverage="50% (1/2)" missing-branches="105" />
						<line number="94" hits="1" />
						<line number="95" hits="1" />
						<line number="96" hits="0" />
						<line number="97" hits="0" />
						<line number="98" hits="1" />
						<line number="105" hits="0" />
						<line number="106" hits="0" />
						<line number="107" hits="0" />
						<line number="109" hits="1" />
						<line number="115" hits="1" />
						<line number="134" hits="1" />
						<line number="135" hits="1" />
						<line number="136" hits="1" />
						<line number="138" hits="1" />
						<line number="139" hits="1" />
						<line number="142" hits="1" />
						<line number="143" hits="1" />
						<line number="146" hits="1" branch="true" condition-coverage="100% (2/2)" />
						<line number="147" hits="1" />
						<line number="150" hits="1" />
						<line number="152" hits="1" />
						<line number="154" hits="1" branch="true" condition-coverage="100% (2/2)" />
						<line number="155" hits="1" />
						<line number="158" hits="1" />
						<line number="160" hits="1" />
						<line number="161" hits="1" />
						<line number="162" hits="1" />
						<line number="164" hits="1" />
						<line number="166" hits="1" />
						<line number="168" hits="1" />
						<line number="174" hits="1" />
						<line number="192" hits="1" />
						<line number="193" hits="1" />
						<line number="194" hits="1" />
						<line number="196" hits="1" branch="true" condition-coverage="50% (1/2)" missing-branches="199" />
						<line number="197" hits="1" />
						<line number="199" hits="0" />
						<line number="201" hits="1" branch="true" condition-coverage="100% (2/2)" />
						<line number="203" hits="1" />
						<line number="205" hits="1" />
						<line number="206" hits="1" />
						<line number="209" hits="1" branch="true" condition-coverage="100% (2/2)" />
						<line number="210" hits="1" />
						<line number="213" hits="1" />
						<line number="216" hits="1" branch="true" condition-coverage="100% (2/2)" />
						<line number="217" hits="1" />
						<line number="220" hits="1" />
						<line number="222" hits="1" />
						<line number="223" hits="1" />
						<line number="225" hits="1" branch="true" condition-coverage="50% (1/2)" missing-branches="227" />
						<line number="226" hits="1" />
						<line number="227" hits="1" />
						<line number="229" hits="1" />
						<line number="231" hits="1" />
						<line number="233" hits="1" />
						<line number="236" hits="1" />
						<line number="237" hits="1" />
						<line number="238" hits="1" branch="true" condition-coverage="50% (1/2)" missing-branches="239" />
						<line number="239" hits="0" />
						<line number="242" hits="0" />
						<line number="246" hits="1" />
						<line number="249" hits="1" />
						<line number="252" hits="1" />
						<line number="253" hits="1" branch="true" condition-coverage="50% (1/2)" missing-branches="267" />
						<line number="254" hits="1" branch="true" condition-coverage="100% (2/2)" />
						<line number="255" hits="1" />
						<line number="257" hits="1" />
						<line number="258" hits="1" />
						<line number="259" hits="0" />
						<line number="260" hits="0" />
						<line number="261" hits="1" />
						<line number="267" hits="0" />
						<line number="270" hits="1" />
						<line number="277" hits="1" />
						<line number="278" hits="1" />
						<line number="279" hits="1" />
						<line number="280" hits="1" branch="true" condition-coverage="50% (1/2)" missing-branches="281" />
						<line number="281" hits="0" />
						<line number="283" hits="1" />
						<line number="284" hits="1" branch="true" condition-coverage="100% (2/2)" />
						<line number="285" hits="1" />
						<line number="287" hits="1" />
						<line number="288" hits="1" />
						<line number="290" hits="1" />
						<line number="291" hits="1" branch="true" condition-coverage="100% (2/2)" />
						<line number="292" hits="1" />
						<line number="293" hits="0" />
						<line number="294" hits="0" />
						<line number="295" hits="0" />
						<line number="297" hits="1" />
						<line number="299" hits="1" />
						<line number="300" hits="1" />
						<line number="301" hits="0" />
						<line number="302" hits="0" />
						<line number="304" hits="1" />
						<line number="306" hits="1" />
						<line number="308" hits="1" />
					</lines>
				</class>
				<class name="ledger_recon.py" filename="backend/apps/common/ledger_recon.py" complexity="0" line-rate="0.8182" branch-rate="0.5">
					<methods />
					<lines>
						<line number="2" hits="1" />
						<line number="3" hits="1" />
						<line number="5" hits="1" />
						<line number="7" hits="1" />
						<line number="8" hits="1" />
						<line number="10" hits="1" />
						<line number="13" hits="1" />
						<line number="22" hits="1" />
						<line number="23" hits="1" />
						<line number="28" hits="1" />
						<line number="30" hits="1" />
						<line number="35" hits="1" />
						<line number="42" hits="1" />
						<line number="48" hits="1" />
						<line number="50" hits="1" branch="true" condition-coverage="50% (1/2)" missing-branches="51" />
						<line number="51" hits="0" />
						<line number="54" hits="0" />
						<line number="59" hits="0" />
						<line number="61" hits="1" />
						<line number="63" hits="1" />
						<line number="64" hits="1" />
						<line number="67" hits="0" />
					</lines>
				</class>
				<class name="logging.py" filename="backend/apps/common/logging.py" complexity="0" line-rate="0.913" branch-rate="0.9167">
					<methods />
					<lines>
						<line number="1" hits="1" />
						<line number="2" hits="1" />
						<line number="4" hits="1" />
						<line number="7" hits="1" />
						<line number="9" hits="1" />
						<line number="12" hits="1" />
						<line number="18" hits="1" />
						<line number="23" hits="1" />
						<line number="25" hits="1" branch="true" condition-coverage="100% (2/2)" />
						<line number="26" hits="1" />
						<line number="30" hits="1" branch="true" condition-coverage="100% (2/2)" />
						<line number="31" hits="1" />
						<line number="32" hits="1" />
						<line number="34" hits="1" />
						<line number="35" hits="1" />
						<line number="45" hits="1" branch="true" condition-coverage="100% (2/2)" />
						<line number="46" hits="1" branch="true" condition-coverage="100% (2/2)" />
						<line number="47" hits="1" />
						<line number="50" hits="1" />
						<line number="51" hits="1" />
						<line number="53" hits="1" branch="true" condition-coverage="50% (1/2)" missing-branches="54" />
						<line number="54" hits="0" />
						<line number="56" hits="1" />
						<line number="58" hits="1" branch="true" condition-coverage="100% (2/2)" />
						<line number="59" hits="1" />
						<line number="62" hits="1" />
						<line number="64" hits="1" />
						<line number="67" hits="1" />
						<line number="71" hits="0" />
						<line number="72" hits="0" />
						<line number="73" hits="0" />
						<line number="76" hits="1" />
						<line number="85" hits="1" />
						<line number="86" hits="1" />
						<line number="88" hits="1" />
						<line number="89" hits="1" />
						<line number="91" hits="1" />
						<line number="92" hits="1" />
						<line number="94" hits="1" />
						<line number="97" hits="1" />
						<line number="98" hits="1" />
						<line number="102" hits="1" />
						<line number="103" hits="1" />
						<line number="104" hits="1" />
						<line number="105" hits="1" />
						<line number="107" hits="1" />
					</lines>
				</class>
				<class name="metrics.py" filename="backend/apps/common/metrics.py" complexity="0" line-rate="1" branch-rate="1">
					<methods />
					<lines>
						<line number="2" hits="1" />
						<line number="5" hits="1" />
						<line number="10" hits="1" />
						<line number="15" hits="1" />
						<line number="22" hits="1" />
						<line number="25" hits="1" />
						<line number="30" hits="1" />
						<line number="33" hits="1" />
						<line number="38" hits="1" />
						<line number="41" hits="1" />
					</lines>
				</class>
				<class name="ordering.py" filename="backend/apps/common/ordering.py" complexity="0" line-rate="1" branch-rate="1">
					<methods />
					<lines>
						<line number="2" hits="1" />
						<line number="4" hits="1" />
						<line number="6" hits="1" />
						<line number="8" hits="1" />
						<line number="20" hits="1" />
						<line number="29" hits="1" />
						<line number="40" hits="1" />
						<line number="41" hits="1" />
						<line number="46" hits="1" />
						<line number="49" hits="1" />
						<line number="53" hits="1" branch="true" condition-coverage="100% (2/2)" />
						<line number="55" hits="1" />
						<line number="57" hits="1" />
						<line number="59" hits="1" />
						<line number="60" hits="1" />
						<line number="61" hits="1" />
						<line number="62" hits="1" />
						<line number="64" hits="1" />
						<line number="65" hits="1" />
						<line number="66" hits="1" />
					</lines>
				</class>
				<class name="rate_limit.py" filename="backend/apps/common/rate_limit.py" complexity="0" line-rate="0.9143" branch-rate="0.7">
					<methods />
					<lines>
						<line number="2" hits="1" />
						<line number="4" hits="1" />
						<line number="6" hits="1" />
						<line number="8" hits="1" />
						<line number="11" hits="1" />
						<line number="29" hits="1" />
						<line number="37" hits="1" />
						<line number="38" hits="1" />
						<line number="40" hits="1" />
						<line number="49" hits="1" />
						<line number="50" hits="1" branch="true" condition-coverage="100% (2/2)" />
						<line number="51" hits="1" />
						<line number="52" hits="1" />
						<line number="54" hits="1" />
						<line number="55" hits="1" />
						<line number="56" hits="1" />
						<line number="57" hits="1" branch="true" condition-coverage="50% (1/2)" missing-branches="63" />
						<line number="58" hits="1" />
						<line number="59" hits="1" />
						<line number="60" hits="1" />
						<line number="61" hits="1" />
						<line number="63" hits="1" />
						<line number="64" hits="1" branch="true" condition-coverage="50% (1/2)" missing-branches="65" />
						<line number="65" hits="0" />
						<line number="67" hits="1" />
						<line number="69" hits="1" />
						<line number="70" hits="1" />
						<line number="73" hits="1" />
						<line number="75" hits="1" branch="true" condition-coverage="100% (2/2)" />
						<line number="76" hits="1" />
						<line number="77" hits="1" />
						<line number="79" hits="1" branch="true" condition-coverage="50% (1/2)" missing-branches="82" />
						<line number="82" hits="0" />
						<line number="83" hits="0" />
						<line number="88" hits="1" />
					</lines>
				</class>
				<class name="redis.py" filename="backend/apps/common/redis.py" complexity="0" line-rate="1" branch-rate="1">
					<methods />
					<lines>
						<line number="3" hits="1" />
						<line number="4" hits="1" />
						<line number="6" hits="1" />
					</lines>
				</class>
				<class name="resilience.py" filename="backend/apps/common/resilience.py" complexity="0" line-rate="0.8765" branch-rate="0.6667">
					<methods />
					<lines>
						<line number="2" hits="1" />
						<line number="3" hits="1" />
						<line number="4" hits="1" />
						<line number="6" hits="1" />
						<line number="8" hits="1" />
						<line number="13" hits="1" />
						<line number="16" hits="1" />
						<line number="19" hits="1" />
						<line number="29" hits="1" />
						<line number="30" hits="1" />
						<line number="31" hits="1" />
						<line number="32" hits="1" />
						<line number="33" hits="1" />
						<line number="34" hits="1" />
						<line number="36" hits="1" />
						<line number="37" hits="1" />
						<line number="38" hits="1" />
						<line number="39" hits="1" />
						<line number="41" hits="1" branch="true" condition-coverage="100% (2/2)" />
						<line number="42" hits="1" branch="true" condition-coverage="100% (2/2)" />
						<line number="43" hits="1" />
						<line number="44" hits="1" />
						<line number="46" hits="1" />
						<line number="49" hits="1" />
						<line number="51" hits="1" />
						<line number="52" hits="1" />
						<line number="53" hits="1" />
						<line number="54" hits="1" />
						<line number="55" hits="1" />
						<line number="56" hits="1" />
						<line number="57" hits="1" />
						<line number="59" hits="1" />
						<line number="61" hits="1" />
						<line number="62" hits="1" branch="true" condition-coverage="50% (1/2)" missing-branches="63" />
						<line number="63" hits="0" />
						<line number="64" hits="0" />
						<line number="66" hits="1" />
						<line number="68" hits="1" />
						<line number="69" hits="1" branch="true" condition-coverage="100% (2/2)" />
						<line number="70" hits="1" />
						<line number="71" hits="1" />
						<line number="73" hits="1" />
						<line number="78" hits="1" branch="true" condition-coverage="100% (2/2)" />
						<line number="79" hits="1" />
						<line number="82" hits="1" />
						<line number="84" hits="1" />
						<line number="85" hits="1" />
						<line number="86" hits="1" />
						<line number="88" hits="1" />
						<line number="89" hits="0" />
						<line number="90" hits="0" />
						<line number="91" hits="0" />
						<line number="96" hits="1" />
						<line number="98" hits="1" />
						<line number="101" hits="1" />
						<line number="103" hits="1" branch="true" condition-coverage="50% (1/2)" missing-branches="104" />
						<line number="104" hits="0" />
						<line number="105" hits="1" />
						<line number="108" hits="1" />
						<line number="109" hits="1" />
						<line number="112" hits="1" />
						<line number="118" hits="1" />
						<line number="119" hits="1" />
						<line number="121" hits="1" />
						<line number="122" hits="1" />
						<line number="123" hits="1" />
						<line number="125" hits="1" />
						<line number="126" hits="1" />
						<line number="127" hits="1" />
						<line number="130" hits="1" />
						<line number="133" hits="1" />
						<line number="134" hits="1" />
						<line number="136" hits="0" branch="true" condition-coverage="0% (0/2)" missing-branches="exit,137" />
						<line number="137" hits="0" />
						<line number="140" hits="1" />
						<line number="141" hits="1" />
						<line number="143" hits="1" branch="true" condition-coverage="50% (1/2)" missing-branches="144" />
						<line number="144" hits="0" />
						<line number="145" hits="1" branch="true" condition-coverage="50% (1/2)" missing-branches="146" />
						<line number="146" hits="0" />
						<line number="149" hits="1" />
					</lines>
				</class>
				<class name="tasks.py" filename="backend/apps/common/tasks.py" complexity="0" line-rate="0" branch-rate="1">
					<methods />
					<lines>
						<line number="2" hits="0" />
						<line number="4" hits="0" />
						<line number="6" hits="0" />
						<line number="7" hits="0" />
						<line number="9" hits="0" />
						<line number="12" hits="0" />
						<line number="13" hits="0" />
						<line number="19" hits="0" />
						<line number="22" hits="0" />
						<line number="26" hits="0" />
						<line number="27" hits="0" />
						<line number="28" hits="0" />
						<line number="29" hits="0" />
						<line number="32" hits="0" />
						<line number="33" hits="0" />
						<line number="38" hits="0" />
						<line number="39" hits="0" />
					</lines>
				</class>
			</classes>
		</package>
		<package name="driver_incentives" line-rate="0.7059" branch-rate="0.08333" complexity="0">
			<classes>
				<class name="__init__.py" filename="backend/apps/driver_incentives/__init__.py" complexity="0" line-rate="1" branch-rate="1">
					<methods />
					<lines />
				</class>
				<class name="consumers.py" filename="backend/apps/driver_incentives/consumers.py" complexity="0" line-rate="0.5" branch-rate="1">
					<methods />
					<lines>
						<line number="1" hits="1" />
						<line number="4" hits="1" />
						<line number="5" hits="1" />
						<line number="6" hits="0" />
						<line number="7" hits="0" />
						<line number="8" hits="0" />
						<line number="10" hits="1" />
						<line number="11" hits="0" />
						<line number="13" hits="1" />
						<line number="14" hits="0" />
					</lines>
				</class>
				<class name="models.py" filename="backend/apps/driver_incentives/models.py" complexity="0" line-rate="0.9189" branch-rate="1">
					<methods />
					<lines>
						<line number="1" hits="1" />
						<line number="2" hits="1" />
						<line number="5" hits="1" />
						<line number="6" hits="1" />
						<line number="7" hits="1" />
						<line number="8" hits="1" />
						<line number="9" hits="1" />
						<line number="11" hits="1" />
						<line number="12" hits="1" />
						<line number="13" hits="1" />
						<line number="16" hits="1" />
						<line number="18" hits="1" />
						<line number="19" hits="1" />
						<line number="21" hits="1" />
						<line number="22" hits="1" />
						<line number="23" hits="1" />
						<line number="25" hits="1" />
						<line number="26" hits="1" />
						<line number="28" hits="1" />
						<line number="29" hits="0" />
						<line number="31" hits="1" />
						<line number="32" hits="0" />
						<line number="33" hits="0" />
						<line number="36" hits="1" />
						<line number="39" hits="1" />
						<line number="40" hits="1" />
						<line number="42" hits="1" />
						<line number="43" hits="1" />
						<line number="45" hits="1" />
						<line number="46" hits="1" />
						<line number="48" hits="1" />
						<line number="51" hits="1" />
						<line number="52" hits="1" />
						<line number="53" hits="1" />
						<line number="54" hits="1" />
						<line number="56" hits="1" />
						<line number="57" hits="1" />
					</lines>
				</class>
				<class name="routing.py" filename="backend/apps/driver_incentives/routing.py" complexity="0" line-rate="1" branch-rate="1">
					<methods />
					<lines>
						<line number="1" hits="1" />
						<line number="3" hits="1" />
						<line number="5" hits="1" />
					</lines>
				</class>
				<class name="selectors.py" filename="backend/apps/driver_incentives/selectors.py" complexity="0" line-rate="1" branch-rate="1">
					<methods />
					<lines>
						<line number="1" hits="1" />
						<line number="3" hits="1" />
						<line number="6" hits="1" />
						<line number="7" hits="1" />
						<line number="8" hits="1" />
					</lines>
				</class>
				<class name="serializers.py" filename="backend/apps/driver_incentives/serializers.py" complexity="0" line-rate="0.6071" branch-rate="0.25">
					<methods />
					<lines>
						<line number="1" hits="1" />
						<line number="3" hits="1" />
						<line number="6" hits="1" />
						<line number="7" hits="1" />
						<line number="9" hits="1" />
						<line number="10" hits="1" />
						<line number="11" hits="1" />
						<line number="12" hits="1" />
						<line number="14" hits="1" />
						<line number="15" hits="1" />
						<line number="16" hits="1" branch="true" condition-coverage="50% (1/2)" missing-branches="19" />
						<line number="17" hits="1" />
						<line number="19" hits="0" />
						<line number="20" hits="0" branch="true" condition-coverage="0% (0/2)" missing-branches="21,31" />
						<line number="21" hits="0" />
						<line number="22" hits="0" />
						<line number="23" hits="0" />
						<line number="25" hits="0" />
						<line number="26" hits="0" />
						<line number="27" hits="0" />
						<line number="28" hits="0" />
						<line number="29" hits="0" />
						<line number="31" hits="0" />
						<line number="34" hits="1" />
						<line number="35" hits="1" />
						<line number="36" hits="1" />
						<line number="37" hits="1" />
						<line number="38" hits="1" />
					</lines>
				</class>
				<class name="signals.py" filename="backend/apps/driver_incentives/signals.py" complexity="0" line-rate="1" branch-rate="1">
					<methods />
					<lines>
						<line number="1" hits="1" />
						<line number="2" hits="1" />
						<line number="3" hits="1" />
						<line number="4" hits="1" />
						<line number="6" hits="1" />
						<line number="7" hits="1" />
						<line number="10" hits="1" />
						<line number="11" hits="1" />
						<line number="12" hits="1" />
						<line number="13" hits="1" />
						<line number="15" hits="1" />
					</lines>
				</class>
				<class name="urls.py" filename="backend/apps/driver_incentives/urls.py" complexity="0" line-rate="1" branch-rate="1">
					<methods />
					<lines>
						<line number="1" hits="1" />
						<line number="2" hits="1" />
						<line number="4" hits="1" />
						<line number="10" hits="1" />
						<line number="11" hits="1" />
						<line number="12" hits="1" />
						<line number="14" hits="1" />
					</lines>
				</class>
				<class name="views.py" filename="backend/apps/driver_incentives/views.py" complexity="0" line-rate="0.5" branch-rate="0">
					<methods />
					<lines>
						<line number="1" hits="1" />
						<line number="2" hits="1" />
						<line number="3" hits="1" />
						<line number="4" hits="1" />
						<line number="5" hits="1" />
						<line number="6" hits="1" />
						<line number="8" hits="1" />
						<line number="10" hits="1" />
						<line number="11" hits="1" />
						<line number="14" hits="1" />
						<line number="20" hits="1" />
						<line number="21" hits="1" />
						<line number="23" hits="1" />
						<line number="24" hits="0" branch="true" condition-coverage="0% (0/2)" missing-branches="25,26" />
						<line number="25" hits="0" />
						<line number="26" hits="0" />
						<line number="28" hits="1" />
						<line number="29" hits="0" />
						<line number="31" hits="0" branch="true" condition-coverage="0% (0/2)" missing-branches="32,34" />
						<line number="32" hits="0" />
						<line number="34" hits="0" />
						<line number="36" hits="1" />
						<line number="37" hits="1" />
						<line number="38" hits="0" />
						<line number="39" hits="0" />
						<line number="40" hits="0" />
						<line number="41" hits="0" />
						<line number="43" hits="1" />
						<line number="44" hits="1" />
						<line number="45" hits="0" />
						<line number="46" hits="0" />
						<line number="47" hits="0" />
						<line number="48" hits="0" />
						<line number="51" hits="1" />
						<line number="56" hits="1" />
						<line number="57" hits="1" />
						<line number="58" hits="1" />
						<line number="60" hits="1" />
						<line number="61" hits="0" />
						<line number="62" hits="0" branch="true" condition-coverage="0% (0/2)" missing-branches="63,64" />
						<line number="63" hits="0" />
						<line number="64" hits="0" branch="true" condition-coverage="0% (0/2)" missing-branches="65,68" />
						<line number="65" hits="0" />
						<line number="68" hits="0" />
						<line number="71" hits="1" />
						<line number="76" hits="1" />
						<line number="78" hits="1" />
						<line number="79" hits="0" />
						<line number="84" hits="0" />
						<line number="96" hits="0" />
						<line number="98" hits="0" />
						<line number="110" hits="0" />
					</lines>
				</class>
			</classes>
		</package>
		<package name="driver_incentives.services" line-rate="0.9159" branch-rate="0.6667" complexity="0">
			<classes>
				<class name="__init__.py" filename="backend/apps/driver_incentives/services/__init__.py" complexity="0" line-rate="0.625" branch-rate="1">
					<methods />
					<lines>
						<line number="1" hits="1" />
						<line number="4" hits="1" />
						<line number="9" hits="1" />
						<line number="10" hits="1" />
						<line number="11" hits="0" />
						<line number="12" hits="0" />
						<line number="14" hits="0" />
						<line number="17" hits="1" />
					</lines>
				</class>
				<class name="incentive_engine.py" filename="backend/apps/driver_incentives/services/incentive_engine.py" complexity="0" line-rate="0.9394" branch-rate="0.6667">
					<methods />
					<lines>
						<line number="1" hits="1" />
						<line number="3" hits="1" />
						<line number="4" hits="1" />
						<line number="5" hits="1" />
						<line number="6" hits="1" />
						<line number="8" hits="1" />
						<line number="13" hits="1" />
						<line number="15" hits="1" />
						<line number="17" hits="1" />
						<line number="20" hits="1" />
						<line number="22" hits="1" />
						<line number="23" hits="1" />
						<line number="24" hits="1" />
						<line number="29" hits="1" branch="true" condition-coverage="100% (2/2)" />
						<line number="30" hits="1" />
						<line number="33" hits="1" />
						<line number="35" hits="1" />
						<line number="36" hits="1" />
						<line number="37" hits="1" />
						<line number="39" hits="1" />
						<line number="46" hits="1" branch="true" condition-coverage="50% (1/2)" missing-branches="49" />
						<line number="47" hits="1" />
						<line number="49" hits="1" branch="true" condition-coverage="100% (2/2)" />
						<line number="50" hits="1" />
						<line number="51" hits="1" branch="true" condition-coverage="50% (1/2)" missing-branches="53" />
						<line number="52" hits="1" />
						<line number="53" hits="0" branch="true" condition-coverage="0% (0/2)" missing-branches="54,55" />
						<line number="54" hits="0" />
						<line number="55" hits="0" branch="true" condition-coverage="0% (0/2)" missing-branches="49,56" />
						<line number="56" hits="0" />
						<line number="57" hits="0" />
						<line number="58" hits="0" />
						<line number="62" hits="1" />
						<line number="63" hits="1" />
						<line number="66" hits="1" />
						<line number="67" hits="1" branch="true" condition-coverage="100% (2/2)" />
						<line number="68" hits="1" />
						<line number="71" hits="1" branch="true" condition-coverage="50% (1/2)" missing-branches="77" />
						<line number="72" hits="1" />
						<line number="73" hits="1" branch="true" condition-coverage="100% (2/2)" />
						<line number="74" hits="1" />
						<line number="77" hits="1" />
						<line number="79" hits="1" />
						<line number="80" hits="1" />
						<line number="85" hits="1" />
						<line number="86" hits="1" />
						<line number="88" hits="1" />
						<line number="89" hits="1" />
						<line number="91" hits="1" />
						<line number="92" hits="1" />
						<line number="95" hits="1" />
						<line number="98" hits="1" />
						<line number="99" hits="1" />
						<line number="101" hits="1" branch="true" condition-coverage="100% (2/2)" />
						<line number="102" hits="1" />
						<line number="106" hits="1" />
						<line number="107" hits="1" />
						<line number="108" hits="1" />
						<line number="109" hits="1" />
						<line number="111" hits="1" />
						<line number="112" hits="1" />
						<line number="114" hits="1" />
						<line number="115" hits="1" />
						<line number="116" hits="1" />
						<line number="118" hits="1" />
						<line number="119" hits="1" branch="true" condition-coverage="50% (1/2)" missing-branches="exit" />
						<line number="120" hits="1" />
						<line number="124" hits="1" />
						<line number="125" hits="1" />
						<line number="130" hits="1" />
						<line number="131" hits="1" />
						<line number="134" hits="1" branch="true" condition-coverage="100% (2/2)" />
						<line number="135" hits="1" branch="true" condition-coverage="50% (1/2)" missing-branches="139" />
						<line number="136" hits="1" />
						<line number="139" hits="1" />
						<line number="142" hits="1" />
						<line number="143" hits="1" />
						<line number="144" hits="1" />
						<line number="145" hits="1" />
						<line number="147" hits="1" branch="true" condition-coverage="50% (1/2)" missing-branches="exit" />
						<line number="148" hits="1" />
						<line number="149" hits="1" />
						<line number="151" hits="1" branch="true" condition-coverage="50% (1/2)" missing-branches="exit" />
						<line number="152" hits="1" />
						<line number="156" hits="1" branch="true" condition-coverage="50% (1/2)" missing-branches="exit" />
						<line number="157" hits="1" />
						<line number="161" hits="1" />
						<line number="162" hits="1" />
						<line number="163" hits="1" />
						<line number="168" hits="1" />
						<line number="174" hits="1" branch="true" condition-coverage="100% (2/2)" />
						<line number="175" hits="1" />
						<line number="179" hits="1" />
						<line number="183" hits="1" branch="true" condition-coverage="100% (2/2)" />
						<line number="186" hits="1" />
						<line number="189" hits="1" />
						<line number="192" hits="1" />
						<line number="200" hits="1" />
						<line number="209" hits="1" />
					</lines>
				</class>
			</classes>
		</package>
		<package name="drivers" line-rate="0.7984" branch-rate="0.5877" complexity="0">
			<classes>
				<class name="__init__.py" filename="backend/apps/drivers/__init__.py" complexity="0" line-rate="1" branch-rate="1">
					<methods />
					<lines />
				</class>
				<class name="admin_views.py" filename="backend/apps/drivers/admin_views.py" complexity="0" line-rate="0.6899" branch-rate="0.475">
					<methods />
					<lines>
						<line number="7" hits="1" />
						<line number="9" hits="1" />
						<line number="10" hits="1" />
						<line number="11" hits="1" />
						<line number="12" hits="1" />
						<line number="13" hits="1" />
						<line number="15" hits="1" />
						<line number="16" hits="1" />
						<line number="17" hits="1" />
						<line number="19" hits="1" />
						<line number="22" hits="1" />
						<line number="31" hits="1" />
						<line number="33" hits="1" />
						<line number="34" hits="1" />
						<line number="40" hits="1" />
						<line number="41" hits="1" />
						<line number="42" hits="1" />
						<line number="44" hits="1" branch="true" condition-coverage="100% (2/2)" />
						<line number="45" hits="1" />
						<line number="46" hits="1" branch="true" condition-coverage="100% (2/2)" />
						<line number="47" hits="1" />
						<line number="48" hits="1" branch="true" condition-coverage="50% (1/2)" missing-branches="49" />
						<line number="49" hits="0" />
						<line number="51" hits="1" />
						<line number="52" hits="1" />
						<line number="54" hits="1" />
						<line number="55" hits="1" />
						<line number="56" hits="1" />
						<line number="64" hits="1" />
						<line number="65" hits="1" />
						<line number="67" hits="1" />
						<line number="68" hits="1" />
						<line number="90" hits="1" />
						<line number="96" hits="1" />
						<line number="98" hits="1" />
						<line number="99" hits="1" />
						<line number="102" hits="1" />
						<line number="108" hits="1" />
						<line number="121" hits="1" />
						<line number="122" hits="1" />
						<line number="124" hits="1" />
						<line number="125" hits="1" />
						<line number="126" hits="1" />
						<line number="137" hits="1" />
						<line number="138" hits="1" />
						<line number="141" hits="1" />
						<line number="148" hits="1" />
						<line number="150" hits="1" />
						<line number="151" hits="1" />
						<line number="152" hits="1" />
						<line number="154" hits="1" />
						<line number="162" hits="1" branch="true" condition-coverage="100% (2/2)" />
						<line number="163" hits="1" />
						<line number="168" hits="1" />
						<line number="169" hits="1" />
						<line number="171" hits="1" />
						<line number="172" hits="1" branch="true" condition-coverage="100% (2/2)" />
						<line number="173" hits="1" />
						<line number="175" hits="1" />
						<line number="177" hits="1" />
						<line number="178" hits="1" />
						<line number="179" hits="1" />
						<line number="182" hits="1" />
						<line number="183" hits="1" />
						<line number="185" hits="1" branch="true" condition-coverage="50% (1/2)" missing-branches="186" />
						<line number="186" hits="0" />
						<line number="187" hits="0" />
						<line number="188" hits="0" />
						<line number="191" hits="0" />
						<line number="192" hits="0" />
						<line number="194" hits="1" branch="true" condition-coverage="100% (2/2)" />
						<line number="195" hits="1" />
						<line number="196" hits="1" />
						<line number="198" hits="1" branch="true" condition-coverage="50% (1/2)" missing-branches="199" />
						<line number="199" hits="0" />
						<line number="200" hits="0" />
						<line number="201" hits="0" />
						<line number="202" hits="0" />
						<line number="204" hits="1" branch="true" condition-coverage="50% (1/2)" missing-branches="208" />
						<line number="205" hits="1" />
						<line number="206" hits="1" />
						<line number="208" hits="0" branch="true" condition-coverage="0% (0/2)" missing-branches="209,211" />
						<line number="209" hits="0" />
						<line number="211" hits="1" />
						<line number="214" hits="1" />
						<line number="223" hits="1" />
						<line number="230" hits="1" />
						<line number="232" hits="1" />
						<line number="233" hits="1" />
						<line number="234" hits="1" />
						<line number="235" hits="1" />
						<line number="237" hits="1" branch="true" condition-coverage="50% (1/2)" missing-branches="238" />
						<line number="238" hits="0" />
						<line number="243" hits="1" />
						<line number="244" hits="1" />
						<line number="245" hits="1" />
						<line number="252" hits="0" />
						<line number="253" hits="0" />
						<line number="255" hits="1" />
						<line number="264" hits="1" />
						<line number="269" hits="1" />
						<line number="271" hits="1" />
						<line number="272" hits="0" />
						<line number="273" hits="0" />
						<line number="278" hits="0" />
						<line number="290" hits="0" />
						<line number="293" hits="1" />
						<line number="294" hits="1" />
						<line number="296" hits="1" />
						<line number="297" hits="0" />
						<line number="298" hits="0" />
						<line number="300" hits="0" />
						<line number="305" hits="0" />
						<line number="306" hits="0" />
						<line number="309" hits="1" />
						<line number="310" hits="1" />
						<line number="312" hits="1" />
						<line number="313" hits="0" />
						<line number="315" hits="0" />
						<line number="318" hits="0" />
						<line number="319" hits="0" branch="true" condition-coverage="0% (0/2)" missing-branches="320,333" />
						<line number="320" hits="0" />
						<line number="321" hits="0" branch="true" condition-coverage="0% (0/2)" missing-branches="322,323" />
						<line number="322" hits="0" />
						<line number="323" hits="0" />
						<line number="333" hits="0" />
						<line number="336" hits="1" />
						<line number="337" hits="1" />
						<line number="339" hits="1" />
						<line number="340" hits="0" />
						<line number="346" hits="0" />
						<line number="347" hits="0" branch="true" condition-coverage="0% (0/2)" missing-branches="348,375" />
						<line number="348" hits="0" />
						<line number="349" hits="0" branch="true" condition-coverage="0% (0/2)" missing-branches="350,351" />
						<line number="350" hits="0" />
						<line number="351" hits="0" />
						<line number="352" hits="0" branch="true" condition-coverage="0% (0/2)" missing-branches="353,365" />
						<line number="353" hits="0" />
						<line number="354" hits="0" branch="true" condition-coverage="0% (0/2)" missing-branches="355,356" />
						<line number="355" hits="0" />
						<line number="356" hits="0" />
						<line number="365" hits="0" />
						<line number="375" hits="0" />
						<line number="378" hits="1" />
						<line number="379" hits="1" />
						<line number="381" hits="1" />
						<line number="382" hits="1" />
						<line number="384" hits="1" />
						<line number="385" hits="1" />
						<line number="386" hits="1" />
						<line number="388" hits="1" branch="true" condition-coverage="100% (2/2)" />
						<line number="389" hits="1" />
						<line number="390" hits="1" branch="true" condition-coverage="50% (1/2)" missing-branches="395" />
						<line number="391" hits="1" branch="true" condition-coverage="50% (1/2)" missing-branches="392" />
						<line number="392" hits="0" />
						<line number="393" hits="1" />
						<line number="395" hits="0" />
						<line number="397" hits="1" />
					</lines>
				</class>
				<class name="models.py" filename="backend/apps/drivers/models.py" complexity="0" line-rate="0.8986" branch-rate="0.3333">
					<methods />
					<lines>
						<line number="1" hits="1" />
						<line number="2" hits="1" />
						<line number="3" hits="1" />
						<line number="4" hits="1" />
						<line number="5" hits="1" />
						<line number="8" hits="1" />
						<line number="9" hits="1" />
						<line number="10" hits="1" />
						<line number="11" hits="1" />
						<line number="12" hits="1" />
						<line number="13" hits="1" />
						<line number="15" hits="1" />
						<line number="21" hits="1" />
						<line number="28" hits="1" />
						<line number="29" hits="1" />
						<line number="30" hits="1" />
						<line number="31" hits="1" />
						<line number="32" hits="1" />
						<line number="34" hits="1" />
						<line number="42" hits="1" />
						<line number="43" hits="1" />
						<line number="46" hits="1" />
						<line number="47" hits="1" />
						<line number="49" hits="1" />
						<line number="51" hits="1" />
						<line number="52" hits="1" />
						<line number="53" hits="1" />
						<line number="54" hits="1" />
						<line number="55" hits="1" />
						<line number="57" hits="1" />
						<line number="63" hits="1" />
						<line number="64" hits="1" />
						<line number="66" hits="1" />
						<line number="67" hits="0" branch="true" condition-coverage="0% (0/2)" missing-branches="68,70" />
						<line number="68" hits="0" />
						<line number="70" hits="0" branch="true" condition-coverage="0% (0/2)" missing-branches="71,72" />
						<line number="71" hits="0" />
						<line number="72" hits="0" />
						<line number="73" hits="0" branch="true" condition-coverage="0% (0/2)" missing-branches="74,77" />
						<line number="74" hits="0" />
						<line number="77" hits="0" />
						<line number="78" hits="0" />
						<line number="81" hits="1" />
						<line number="82" hits="1" />
						<line number="83" hits="1" />
						<line number="84" hits="1" />
						<line number="85" hits="1" />
						<line number="86" hits="1" />
						<line number="88" hits="1" />
						<line number="89" hits="1" />
						<line number="90" hits="1" />
						<line number="91" hits="1" />
						<line number="93" hits="1" />
						<line number="98" hits="1" />
						<line number="99" hits="1" />
						<line number="100" hits="1" />
						<line number="101" hits="1" />
						<line number="105" hits="1" />
						<line number="107" hits="1" />
						<line number="115" hits="1" />
						<line number="116" hits="1" />
						<line number="118" hits="1" />
						<line number="119" hits="1" />
						<line number="120" hits="1" />
						<line number="121" hits="1" />
						<line number="124" hits="1" />
						<line number="127" hits="1" />
						<line number="133" hits="1" />
						<line number="134" hits="1" />
						<line number="136" hits="1" />
						<line number="138" hits="1" branch="true" condition-coverage="50% (1/2)" missing-branches="139" />
						<line number="139" hits="0" />
						<line number="140" hits="0" />
						<line number="141" hits="0" />
						<line number="144" hits="0" />
						<line number="153" hits="1" />
						<line number="154" hits="1" />
						<line number="156" hits="1" />
						<line number="166" hits="1" />
						<line number="167" hits="1" />
						<line number="168" hits="1" />
						<line number="169" hits="1" />
						<line number="170" hits="1" />
						<line number="174" hits="1" />
						<line number="175" hits="1" />
						<line number="178" hits="1" />
						<line number="180" hits="1" />
						<line number="192" hits="1" />
						<line number="193" hits="1" />
						<line number="199" hits="1" />
						<line number="200" hits="1" />
						<line number="201" hits="1" />
						<line number="202" hits="1" />
						<line number="203" hits="1" />
						<line number="204" hits="1" />
						<line number="205" hits="1" />
[...]
					<methods />
					<lines>
						<line number="14" hits="1" />
						<line number="15" hits="1" />
						<line number="17" hits="1" />
						<line number="18" hits="1" />
						<line number="20" hits="1" />
						<line number="23" hits="1" />
						<line number="25" hits="1" />
						<line number="26" hits="1" />
						<line number="28" hits="1" branch="true" condition-coverage="50% (1/2)" missing-branches="29" />
						<line number="29" hits="0" />
						<line number="30" hits="0" />
						<line number="32" hits="1" />
						<line number="33" hits="1" branch="true" condition-coverage="50% (1/2)" missing-branches="34" />
						<line number="34" hits="0" />
						<line number="35" hits="0" />
						<line number="37" hits="1" />
						<line number="39" hits="1" />
						<line number="41" hits="1" />
						<line number="43" hits="1" />
						<line number="44" hits="1" />
						<line number="48" hits="1" />
						<line number="50" hits="1" />
						<line number="52" hits="1" />
						<line number="53" hits="1" />
						<line number="55" hits="1" branch="true" condition-coverage="50% (1/2)" missing-branches="65" />
						<line number="57" hits="1" />
						<line number="58" hits="1" />
						<line number="60" hits="1" />
						<line number="62" hits="1" />
						<line number="63" hits="1" />
						<line number="65" hits="1" />
						<line number="67" hits="1" />
						<line number="71" hits="1" />
						<line number="72" hits="1" branch="true" condition-coverage="100% (2/2)" />
						<line number="73" hits="1" />
						<line number="80" hits="1" />
						<line number="82" hits="1" />
						<line number="86" hits="1" />
						<line number="119" hits="1" />
						<line number="120" hits="1" branch="true" condition-coverage="50% (1/2)" missing-branches="122" />
						<line number="121" hits="1" />
						<line number="122" hits="1" branch="true" condition-coverage="50% (1/2)" missing-branches="124" />
						<line number="123" hits="1" />
						<line number="124" hits="1" />
						<line number="132" hits="1" />
						<line number="136" hits="1" />
						<line number="139" hits="1" />
						<line number="148" hits="1" />
						<line number="152" hits="0" />
						<line number="155" hits="0" />
						<line number="164" hits="1" />
						<line number="168" hits="0" />
						<line number="177" hits="1" />
						<line number="181" hits="0" />
						<line number="183" hits="1" />
						<line number="187" hits="0" />
						<line number="190" hits="0" />
						<line number="201" hits="1" />
						<line number="202" hits="1" />
						<line number="203" hits="1" />
						<line number="204" hits="1" />
						<line number="206" hits="1" />
						<line number="207" hits="0" />
						<line number="208" hits="0" />
						<line number="210" hits="1" />
						<line number="211" hits="1" />
						<line number="212" hits="1" />
						<line number="214" hits="1" />
					</lines>
				</class>
				<class name="rider_tracking.py" filename="backend/apps/tracking/consumers/rider_tracking.py" complexity="0" line-rate="0.7447" branch-rate="0.3846">
					<methods />
					<lines>
						<line number="3" hits="1" />
						<line number="4" hits="1" />
						<line number="6" hits="1" />
						<line number="7" hits="1" />
						<line number="9" hits="1" />
						<line number="10" hits="1" />
						<line number="13" hits="1" />
						<line number="15" hits="1" />
						<line number="16" hits="1" />
						<line number="17" hits="1" />
						<line number="20" hits="1" />
						<line number="22" hits="1" />
						<line number="24" hits="1" branch="true" condition-coverage="50% (1/2)" missing-branches="25" />
						<line number="25" hits="0" />
						<line number="26" hits="0" />
						<line number="29" hits="1" />
						<line number="30" hits="1" branch="true" condition-coverage="50% (1/2)" missing-branches="31" />
						<line number="31" hits="0" />
						<line number="32" hits="0" />
						<line number="37" hits="1" />
						<line number="41" hits="1" />
						<line number="42" hits="1" />
						<line number="43" hits="1" />
						<line number="46" hits="1" />
						<line number="47" hits="1" branch="true" condition-coverage="50% (1/2)" missing-branches="exit" />
						<line number="48" hits="1" />
						<line number="61" hits="1" branch="true" condition-coverage="50% (1/2)" missing-branches="74" />
						<line number="62" hits="1" />
						<line number="74" hits="1" />
						<line number="75" hits="1" branch="true" condition-coverage="50% (1/2)" missing-branches="76" />
						<line number="76" hits="0" />
						<line number="81" hits="1" />
						<line number="85" hits="1" />
						<line number="90" hits="1" />
						<line number="91" hits="1" />
						<line number="92" hits="1" />
						<line number="94" hits="1" branch="true" condition-coverage="50% (1/2)" missing-branches="95" />
						<line number="95" hits="0" />
						<line number="96" hits="0" branch="true" condition-coverage="0% (0/2)" missing-branches="exit,97" />
						<line number="97" hits="0" />
						<line number="99" hits="0" />
						<line number="109" hits="1" branch="true" condition-coverage="50% (1/2)" missing-branches="exit" />
						<line number="110" hits="1" />
						<line number="111" hits="1" />
						<line number="112" hits="1" />
						<line number="114" hits="1" branch="true" condition-coverage="50% (1/2)" missing-branches="exit" />
						<line number="118" hits="1" />
						<line number="119" hits="1" />
						<line number="122" hits="1" />
						<line number="135" hits="1" />
						<line number="148" hits="1" branch="true" condition-coverage="50% (1/2)" missing-branches="exit" />
						<line number="149" hits="1" />
						<line number="163" hits="0" />
						<line number="164" hits="0" />
						<line number="166" hits="1" />
						<line number="167" hits="1" />
						<line number="168" hits="1" />
						<line number="176" hits="1" />
						<line number="178" hits="0" />
						<line number="180" hits="1" />
						<line number="183" hits="1" />
						<line number="201" hits="1" />
						<line number="204" hits="1" />
						<line number="221" hits="1" />
						<line number="222" hits="1" />
						<line number="224" hits="1" />
						<line number="226" hits="1" />
						<line number="238" hits="1" />
						<line number="240" hits="1" />
						<line number="241" hits="0" />
						<line number="255" hits="1" />
						<line number="256" hits="0" />
						<line number="257" hits="0" />
						<line number="259" hits="0" />
						<line number="276" hits="1" />
						<line number="277" hits="0" />
						<line number="278" hits="0" branch="true" condition-coverage="0% (0/2)" missing-branches="279,283" />
						<line number="279" hits="0" />
						<line number="283" hits="0" branch="true" condition-coverage="0% (0/2)" missing-branches="284,286" />
						<line number="284" hits="0" />
						<line number="286" hits="0" />
						<line number="313" hits="1" />
						<line number="314" hits="1" />
						<line number="315" hits="1" branch="true" condition-coverage="50% (1/2)" missing-branches="exit" />
						<line number="316" hits="1" />
						<line number="319" hits="1" />
						<line number="322" hits="0" />
						<line number="328" hits="1" />
						<line number="329" hits="1" />
						<line number="331" hits="1" />
						<line number="333" hits="1" />
						<line number="342" hits="1" />
						<line number="343" hits="1" />
						<line number="344" hits="0" />
					</lines>
				</class>
			</classes>
		</package>
		<package name="users" line-rate="0.9219" branch-rate="0.775" complexity="0">
			<classes>
				<class name="__init__.py" filename="backend/apps/users/__init__.py" complexity="0" line-rate="1" branch-rate="1">
					<methods />
					<lines>
						<line number="1" hits="1" />
					</lines>
				</class>
				<class name="backends.py" filename="backend/apps/users/backends.py" complexity="0" line-rate="1" branch-rate="1">
					<methods />
					<lines>
						<line number="1" hits="1" />
						<line number="4" hits="1" />
						<line number="5" hits="1" />
						<line number="6" hits="1" />
						<line number="7" hits="1" branch="true" condition-coverage="100% (2/2)" />
						<line number="8" hits="1" />
						<line number="10" hits="1" />
						<line number="12" hits="1" />
						<line number="13" hits="1" />
						<line number="14" hits="1" />
						<line number="16" hits="1" />
						<line number="18" hits="1" branch="true" condition-coverage="100% (2/2)" />
						<line number="19" hits="1" />
						<line number="20" hits="1" />
						<line number="22" hits="1" />
						<line number="23" hits="1" />
						<line number="24" hits="1" />
						<line number="26" hits="1" />
						<line number="27" hits="1" />
						<line number="28" hits="1" />
						<line number="29" hits="1" />
						<line number="30" hits="1" />
						<line number="31" hits="1" />
					</lines>
				</class>
				<class name="models.py" filename="backend/apps/users/models.py" complexity="0" line-rate="0.9756" branch-rate="1">
					<methods />
					<lines>
						<line number="1" hits="1" />
						<line number="2" hits="1" />
						<line number="5" hits="1" />
						<line number="6" hits="1" />
						<line number="7" hits="1" />
						<line number="8" hits="1" />
						<line number="9" hits="1" />
						<line number="11" hits="1" />
						<line number="18" hits="1" />
						<line number="25" hits="1" />
						<line number="31" hits="1" />
						<line number="38" hits="1" />
						<line number="40" hits="1" branch="true" condition-coverage="100% (2/2)" />
						<line number="41" hits="1" />
						<line number="42" hits="1" />
						<line number="45" hits="1" />
						<line number="46" hits="1" />
						<line number="48" hits="1" />
						<line number="50" hits="1" />
						<line number="51" hits="1" />
						<line number="52" hits="1" />
						<line number="54" hits="1" />
						<line number="55" hits="1" />
						<line number="56" hits="1" />
						<line number="58" hits="1" />
						<line number="59" hits="1" />
						<line number="63" hits="1" />
						<line number="66" hits="1" />
						<line number="67" hits="1" />
						<line number="72" hits="1" />
						<line number="73" hits="1" />
						<line number="74" hits="1" />
						<line number="75" hits="1" />
						<line number="77" hits="1" />
						<line number="79" hits="1" />
						<line number="80" hits="0" />
						<line number="82" hits="1" />
						<line number="83" hits="1" />
						<line number="84" hits="1" />
						<line number="85" hits="1" />
						<line number="86" hits="1" />
					</lines>
				</class>
				<class name="permissions.py" filename="backend/apps/users/permissions.py" complexity="0" line-rate="1" branch-rate="1">
					<methods />
					<lines>
						<line number="1" hits="1" />
						<line number="4" hits="1" />
						<line number="5" hits="1" />
						<line number="7" hits="1" />
						<line number="8" hits="1" />
						<line number="9" hits="1" />
						<line number="14" hits="1" />
						<line number="15" hits="1" />
						<line number="17" hits="1" />
						<line number="18" hits="1" />
						<line number="19" hits="1" />
						<line number="24" hits="1" />
						<line number="25" hits="1" />
						<line number="27" hits="1" />
						<line number="28" hits="1" />
						<line number="29" hits="1" />
					</lines>
				</class>
				<class name="serializers.py" filename="backend/apps/users/serializers.py" complexity="0" line-rate="0.85" branch-rate="0.6667">
					<methods />
					<lines>
						<line number="1" hits="1" />
						<line number="2" hits="1" />
						<line number="4" hits="1" />
						<line number="7" hits="1" />
						<line number="10" hits="1" />
						<line number="11" hits="1" />
						<line number="12" hits="1" />
						<line number="16" hits="1" />
						<line number="17" hits="1" />
						<line number="18" hits="1" />
						<line number="19" hits="1" />
						<line number="20" hits="1" />
						<line number="25" hits="1" />
						<line number="26" hits="1" />
						<line number="27" hits="1" />
						<line number="31" hits="1" />
						<line number="32" hits="1" />
						<line number="33" hits="1" />
						<line number="34" hits="1" />
						<line number="35" hits="1" />
						<line number="36" hits="1" />
						<line number="39" hits="1" />
						<line number="40" hits="1" />
						<line number="41" hits="1" />
						<line number="43" hits="1" />
						<line number="44" hits="1" />
						<line number="45" hits="1" />
						<line number="46" hits="0" />
						<line number="47" hits="0" />
						<line number="49" hits="1" branch="true" condition-coverage="100% (2/2)" />
						<line number="50" hits="1" />
						<line number="52" hits="1" branch="true" condition-coverage="50% (1/2)" missing-branches="53" />
						<line number="53" hits="0" />
						<line number="55" hits="1" />
						<line number="56" hits="1" />
						<line number="59" hits="1" />
						<line number="60" hits="1" />
						<line number="61" hits="1" />
						<line number="63" hits="1" />
						<line number="64" hits="1" />
						<line number="65" hits="1" />
						<line number="66" hits="1" />
						<line number="67" hits="1" />
						<line number="69" hits="1" branch="true" condition-coverage="50% (1/2)" missing-branches="70" />
						<line number="70" hits="0" />
						<line number="72" hits="1" branch="true" condition-coverage="50% (1/2)" missing-branches="73" />
						<line number="73" hits="0" />
						<line number="75" hits="1" />
						<line number="76" hits="1" />
						<line number="79" hits="1" />
						<line number="80" hits="1" />
						<line number="81" hits="1" />
						<line number="82" hits="1" />
						<line number="84" hits="1" />
						<line number="85" hits="1" />
						<line number="86" hits="1" />
						<line number="87" hits="1" />
						<line number="89" hits="1" />
						<line number="90" hits="1" branch="true" condition-coverage="50% (1/2)" missing-branches="91" />
						<line number="91" hits="0" />
						<line number="92" hits="0" />
						<line number="93" hits="0" />
						<line number="94" hits="0" />
						<line number="95" hits="0" />
						<line number="97" hits="1" branch="true" condition-coverage="50% (1/2)" missing-branches="98" />
						<line number="98" hits="0" />
						<line number="100" hits="1" branch="true" condition-coverage="50% (1/2)" missing-branches="103" />
						<line number="101" hits="1" />
						<line number="103" hits="0" branch="true" condition-coverage="0% (0/2)" missing-branches="104,106" />
						<line number="104" hits="0" />
						<line number="106" hits="0" />
						<line number="107" hits="0" />
						<line number="110" hits="1" />
						<line number="111" hits="1" />
						<line number="112" hits="1" />
						<line number="113" hits="1" />
						<line number="114" hits="1" />
						<line number="116" hits="1" />
						<line number="117" hits="1" />
						<line number="118" hits="1" />
						<line number="131" hits="1" />
						<line number="132" hits="1" branch="true" condition-coverage="100% (2/2)" />
						<line number="133" hits="1" />
						<line number="138" hits="1" />
						<line number="140" hits="1" />
						<line number="141" hits="1" branch="true" condition-coverage="100% (2/2)" />
						<line number="142" hits="1" />
						<line number="144" hits="1" />
						<line number="145" hits="1" />
						<line number="146" hits="1" />
						<line number="148" hits="1" />
						<line number="149" hits="1" branch="true" condition-coverage="100% (2/2)" />
						<line number="150" hits="1" />
						<line number="152" hits="1" />
						<line number="153" hits="1" />
						<line number="154" hits="1" />
						<line number="156" hits="1" />
						<line number="157" hits="1" branch="true" condition-coverage="100% (2/2)" />
						<line number="158" hits="1" />
						<line number="159" hits="1" />
					</lines>
				</class>
				<class name="signals.py" filename="backend/apps/users/signals.py" complexity="0" line-rate="1" branch-rate="1">
					<methods />
					<lines>
						<line number="1" hits="1" />
						<line number="2" hits="1" />
						<line number="4" hits="1" />
						<line number="5" hits="1" />
						<line number="8" hits="1" />
						<line number="9" hits="1" />
						<line number="10" hits="1" branch="true" condition-coverage="100% (2/2)" />
						<line number="11" hits="1" />
						<line number="13" hits="1" branch="true" condition-coverage="100% (2/2)" />
						<line number="14" hits="1" />
					</lines>
				</class>
				<class name="tasks.py" filename="backend/apps/users/tasks.py" complexity="0" line-rate="1" branch-rate="1">
					<methods />
					<lines />
				</class>
				<class name="urls.py" filename="backend/apps/users/urls.py" complexity="0" line-rate="1" branch-rate="1">
					<methods />
					<lines>
						<line number="1" hits="1" />
						<line number="2" hits="1" />
						<line number="4" hits="1" />
						<line number="13" hits="1" />
					</lines>
				</class>
				<class name="views.py" filename="backend/apps/users/views.py" complexity="0" line-rate="0.9324" branch-rate="0.8333">
					<methods />
					<lines>
						<line number="1" hits="1" />
						<line number="2" hits="1" />
						<line number="3" hits="1" />
						<line number="4" hits="1" />
						<line number="6" hits="1" />
						<line number="15" hits="1" />
						<line number="16" hits="1" />
						<line number="17" hits="1" />
						<line number="23" hits="1" />
						<line number="24" hits="1" />
						<line number="25" hits="1" />
						<line number="27" hits="1" />
						<line number="28" hits="1" />
						<line number="29" hits="1" />
						<line number="30" hits="1" />
						<line number="33" hits="1" branch="true" condition-coverage="100% (2/2)" />
						<line number="34" hits="1" />
						<line number="36" hits="1" />
						<line number="38" hits="1" />
						<line number="51" hits="1" />
						<line number="54" hits="1" />
						<line number="55" hits="1" />
						<line number="56" hits="1" />
						<line number="58" hits="1" />
						<line number="59" hits="1" />
						<line number="61" hits="1" />
						<line number="62" hits="1" />
						<line number="63" hits="1" />
						<line number="64" hits="1" branch="true" condition-coverage="100% (2/2)" />
						<line number="65" hits="1" />
						<line number="66" hits="1" />
						<line number="67" hits="1" />
						<line number="68" hits="1" />
						<line number="69" hits="1" />
						<line number="70" hits="1" />
						<line number="71" hits="1" />
						<line number="72" hits="1" />
						<line number="73" hits="1" />
						<line number="76" hits="1" />
						<line number="77" hits="1" />
						<line number="78" hits="1" />
						<line number="80" hits="1" />
						<line number="81" hits="1" />
						<line number="82" hits="1" />
						<line number="83" hits="1" />
						<line number="84" hits="1" />
						<line number="85" hits="1" />
						<line number="86" hits="1" />
						<line number="89" hits="1" />
						<line number="90" hits="1" />
						<line number="91" hits="1" />
						<line number="93" hits="1" />
						<line number="94" hits="1" />
						<line number="95" hits="1" />
						<line number="96" hits="0" />
						<line number="97" hits="0" />
						<line number="98" hits="0" />
						<line number="99" hits="0" />
						<line number="102" hits="1" />
						<line number="103" hits="1" />
						<line number="105" hits="1" />
						<line number="106" hits="1" />
						<line number="108" hits="1" />
						<line number="109" hits="1" />
						<line number="112" hits="1" />
						<line number="115" hits="1" />
						<line number="116" hits="1" />
						<line number="118" hits="1" />
						<line number="119" hits="1" />
						<line number="120" hits="1" branch="true" condition-coverage="50% (1/2)" missing-branches="121" />
						<line number="121" hits="0" />
						<line number="123" hits="1" />
						<line number="124" hits="1" />
						<line number="125" hits="1" />
					</lines>
				</class>
			</classes>
		</package>
	</packages>
</coverage>